
OPTIONS / 02-04-2023_11:41:47
GET / 02-04-2023_11:41:47
OPTIONS /api/contacts 02-04-2023_11:42:36
GET /api/contacts 02-04-2023_11:42:36
OPTIONS /api/contacts 03-04-2023_09:46:49
GET /api/contacts 03-04-2023_09:46:49
OPTIONS /api/contacts 03-04-2023_09:47:01
GET /api/contacts 03-04-2023_09:47:01
GET /api/contacts 03-04-2023_09:47:02
OPTIONS /api/contacts 03-04-2023_09:47:13
GET /api/contacts 03-04-2023_09:47:13
OPTIONS /api/contacts 03-04-2023_09:47:31
GET /api/contacts 03-04-2023_09:47:31
GET /api/contacts 03-04-2023_09:47:32
OPTIONS /api/contacts 03-04-2023_09:47:45
GET /api/contacts 03-04-2023_09:47:45
GET /api/contacts 03-04-2023_09:47:46
GET /api/contacts 03-04-2023_09:47:48
OPTIONS /api/contacts 03-04-2023_09:48:08
GET /api/contacts 03-04-2023_09:48:08
OPTIONS /api/contacts 03-04-2023_09:49:43
GET /api/contacts 03-04-2023_09:49:43
OPTIONS /api/contacts 03-04-2023_09:53:20
GET /api/contacts 03-04-2023_09:53:20
GET /api/contacts 03-04-2023_09:53:22
OPTIONS /api/contacts 03-04-2023_11:07:53
GET /api/contacts 03-04-2023_11:07:53
OPTIONS /api/contacts 03-04-2023_11:08:18
GET /api/contacts 03-04-2023_11:08:18
OPTIONS /api/contacts 03-04-2023_11:09:46
GET /api/contacts 03-04-2023_11:09:47
GET /api/contacts 03-04-2023_11:09:48
OPTIONS /api/contacts 03-04-2023_11:10:01
GET /api/contacts 03-04-2023_11:10:01
OPTIONS /api/contacts 03-04-2023_11:10:38
GET /api/contacts 03-04-2023_11:10:38
OPTIONS /api/contacts 03-04-2023_11:31:12
GET /api/contacts 03-04-2023_11:31:13
OPTIONS /api/contacts 03-04-2023_11:38:46
GET /api/contacts 03-04-2023_11:38:46
OPTIONS /api/contacts 03-04-2023_11:39:10
GET /api/contacts 03-04-2023_11:39:10
GET /api/contacts 03-04-2023_11:39:13
OPTIONS /api/contacts/AeHIrLTr6JkxGE6SN-0Rw 03-04-2023_11:43:34
GET /api/contacts/AeHIrLTr6JkxGE6SN-0Rw 03-04-2023_11:43:34
OPTIONS /api/contacts/AeHIrLTr6JkxGE6SN-0Rw 03-04-2023_11:49:23
GET /api/contacts/AeHIrLTr6JkxGE6SN-0Rw 03-04-2023_11:49:23
OPTIONS /api/contacts/AeHIrLTr6JkxGE6SN-0Rw 03-04-2023_11:55:22
GET /api/contacts/AeHIrLTr6JkxGE6SN-0Rw 03-04-2023_11:55:22
OPTIONS /api/contacts/AeHIrLTr6JkxGE6SN-0Rw1 03-04-2023_11:56:32
GET /api/contacts/AeHIrLTr6JkxGE6SN-0Rw1 03-04-2023_11:56:33
OPTIONS /api/contacts/AeHIrLTr6JkxGE6SN-0Rw1 03-04-2023_11:59:39
GET /api/contacts/AeHIrLTr6JkxGE6SN-0Rw1 03-04-2023_11:59:39
OPTIONS /api/contacts/AeHIrLTr6JkxGE6SN-0Rw1 03-04-2023_12:03:03
GET /api/contacts/AeHIrLTr6JkxGE6SN-0Rw1 03-04-2023_12:03:03
OPTIONS /api/contacts/AeHIrLTr6JkxGE6SN-0Rw 03-04-2023_12:03:07
GET /api/contacts/AeHIrLTr6JkxGE6SN-0Rw 03-04-2023_12:03:07
OPTIONS /api/contacts/AeHIrLTr6JkxGE6SN-0Rw 03-04-2023_12:10:30
GET /api/contacts/AeHIrLTr6JkxGE6SN-0Rw 03-04-2023_12:10:30
OPTIONS /api/contacts/AeHIrLTr6JkxGE6SN-0Rw1 03-04-2023_12:10:34
GET /api/contacts/AeHIrLTr6JkxGE6SN-0Rw1 03-04-2023_12:10:34
OPTIONS /api/contacts/AeHIrLTr6JkxGE6SN-0Rw1 03-04-2023_12:11:20
GET /api/contacts/AeHIrLTr6JkxGE6SN-0Rw1 03-04-2023_12:11:20
OPTIONS /api/contacts/AeHIrLTr6JkxGE6SN-0Rw1 03-04-2023_12:21:39
GET /api/contacts/AeHIrLTr6JkxGE6SN-0Rw1 03-04-2023_12:21:39
GET /api/contacts/AeHIrLTr6JkxGE6SN-0Rw1 03-04-2023_12:21:41
OPTIONS /api/contacts/AeHIrLTr6JkxGE6SN-0Rw 03-04-2023_12:21:45
GET /api/contacts/AeHIrLTr6JkxGE6SN-0Rw 03-04-2023_12:21:45
OPTIONS /api/contacts/AeHIrLTr6JkxGE6SN-0Rw 03-04-2023_12:36:01
GET /api/contacts/AeHIrLTr6JkxGE6SN-0Rw 03-04-2023_12:36:01
OPTIONS /api/contacts/AeHIrLTr6JkxGE6SN-0Rw1 03-04-2023_12:36:04
GET /api/contacts/AeHIrLTr6JkxGE6SN-0Rw1 03-04-2023_12:36:04
OPTIONS /api/contacts 03-04-2023_03:05:54
POST /api/contacts 03-04-2023_03:05:54
OPTIONS /api/contacts 03-04-2023_03:10:20
POST /api/contacts 03-04-2023_03:10:20
OPTIONS /api/contacts 03-04-2023_03:11:06
POST /api/contacts 03-04-2023_03:11:06
OPTIONS /api/contacts 03-04-2023_03:24:27
POST /api/contacts 03-04-2023_03:24:27
OPTIONS /api/contacts 03-04-2023_03:25:55
POST /api/contacts 03-04-2023_03:25:55
OPTIONS /api/contacts 03-04-2023_03:32:29
POST /api/contacts 03-04-2023_03:32:29
OPTIONS /api/contacts 03-04-2023_03:45:48
POST /api/contacts 03-04-2023_03:45:48
OPTIONS /api/contacts 03-04-2023_03:46:03
POST /api/contacts 03-04-2023_03:46:03
OPTIONS /api/contacts 03-04-2023_03:47:53
POST /api/contacts 03-04-2023_03:47:53
OPTIONS /api/contacts 03-04-2023_03:50:09
POST /api/contacts 03-04-2023_03:50:09
OPTIONS /api/contacts 03-04-2023_03:50:17
POST /api/contacts 03-04-2023_03:50:17
OPTIONS /api/contacts 03-04-2023_03:50:24
POST /api/contacts 03-04-2023_03:50:24
OPTIONS /api/contacts 03-04-2023_03:50:59
POST /api/contacts 03-04-2023_03:50:59
POST /api/contacts 03-04-2023_03:51:00
OPTIONS /api/contacts 03-04-2023_03:51:25
POST /api/contacts 03-04-2023_03:51:25
POST /api/contacts 03-04-2023_03:51:27
OPTIONS /api/contacts 03-04-2023_03:51:48
POST /api/contacts 03-04-2023_03:51:48
POST /api/contacts 03-04-2023_03:51:52
OPTIONS /api/contacts 03-04-2023_03:52:46
POST /api/contacts 03-04-2023_03:52:46
OPTIONS /api/contacts 03-04-2023_03:53:54
POST /api/contacts 03-04-2023_03:53:54
OPTIONS /api/contacts 03-04-2023_03:56:39
POST /api/contacts 03-04-2023_03:56:39
OPTIONS /api/contacts 03-04-2023_04:52:06
POST /api/contacts 03-04-2023_04:52:06
OPTIONS /api/contacts 03-04-2023_04:53:25
POST /api/contacts 03-04-2023_04:53:25
OPTIONS /api/contacts 03-04-2023_04:53:45
POST /api/contacts 03-04-2023_04:53:45
OPTIONS /api/contacts 03-04-2023_05:03:07
POST /api/contacts 03-04-2023_05:03:07
OPTIONS /api/contacts 03-04-2023_05:03:27
POST /api/contacts 03-04-2023_05:03:27
OPTIONS /api/contacts 03-04-2023_05:03:35
POST /api/contacts 03-04-2023_05:03:35
OPTIONS /api/contacts 03-04-2023_05:03:48
POST /api/contacts 03-04-2023_05:03:48
OPTIONS /api/contacts 03-04-2023_05:06:12
POST /api/contacts 03-04-2023_05:06:12
OPTIONS /api/contacts/brStD3Xwj1pY9VEzYSy_0 03-04-2023_05:18:35
PUT /api/contacts/brStD3Xwj1pY9VEzYSy_0 03-04-2023_05:18:35
OPTIONS /api/contacts/brStD3Xwj1pY9VEzYSy_0 03-04-2023_05:18:46
PUT /api/contacts/brStD3Xwj1pY9VEzYSy_0 03-04-2023_05:18:46
OPTIONS /api/contacts/brStD3Xwj1pY9VEzYSy_0 03-04-2023_05:30:21
DELETE /api/contacts/brStD3Xwj1pY9VEzYSy_0 03-04-2023_05:30:21
OPTIONS /api/contacts/brStD3Xwj1pY9VEzYSy_0 03-04-2023_05:32:28
DELETE /api/contacts/brStD3Xwj1pY9VEzYSy_0 03-04-2023_05:32:28
OPTIONS /api/contacts/brStD3Xwj1pY9VEzYSy_0 03-04-2023_05:33:18
DELETE /api/contacts/brStD3Xwj1pY9VEzYSy_0 03-04-2023_05:33:18
DELETE /api/contacts/brStD3Xwj1pY9VEzYSy_0 03-04-2023_05:33:20
OPTIONS /api/contacts/brStD3Xwj1pY9VEzYSy_0 03-04-2023_05:33:27
GET /api/contacts/brStD3Xwj1pY9VEzYSy_0 03-04-2023_05:33:27
OPTIONS /api/contacts/brStD3Xwj1pY9VEzYSy_0 03-04-2023_05:33:34
DELETE /api/contacts/brStD3Xwj1pY9VEzYSy_0 03-04-2023_05:33:34
OPTIONS /api/contacts/rsKkOQUi80UsgVPCcLZZP 03-04-2023_05:34:44
DELETE /api/contacts/rsKkOQUi80UsgVPCcLZZP 03-04-2023_05:34:44
OPTIONS /api/contacts/rsKkOQUi80UsgVPCcLZZP 03-04-2023_05:36:00
DELETE /api/contacts/rsKkOQUi80UsgVPCcLZZP 03-04-2023_05:36:00
OPTIONS /api/contacts/ 03-04-2023_05:44:28
GET /api/contacts/ 03-04-2023_05:44:28
OPTIONS /api/contacts/brStD3Xwj1pY9VEzYSy_0 03-04-2023_05:45:25
GET /api/contacts/brStD3Xwj1pY9VEzYSy_0 03-04-2023_05:45:25
OPTIONS /api/contacts/brStD3Xwj1pY9VEzYSy_01 03-04-2023_05:45:30
GET /api/contacts/brStD3Xwj1pY9VEzYSy_01 03-04-2023_05:45:30
OPTIONS /api/contacts/ 03-04-2023_05:48:21
POST /api/contacts/ 03-04-2023_05:48:21
OPTIONS /api/contacts/ 03-04-2023_05:49:03
POST /api/contacts/ 03-04-2023_05:49:03
OPTIONS /api/contacts/qoVwoJWYjQVnoiLFg3ssn 03-04-2023_05:49:37
DELETE /api/contacts/qoVwoJWYjQVnoiLFg3ssn 03-04-2023_05:49:37
OPTIONS /api/contacts/qoVwoJWYjQVnoiLFg3ssn1 03-04-2023_05:49:47
DELETE /api/contacts/qoVwoJWYjQVnoiLFg3ssn1 03-04-2023_05:49:47
OPTIONS /api/contacts/ 03-04-2023_05:50:53
POST /api/contacts/ 03-04-2023_05:50:53
OPTIONS /api/contacts/ 03-04-2023_05:51:49
POST /api/contacts/ 03-04-2023_05:51:49
OPTIONS /api/contacts/Id5JHAZiO1XYbSjI4dJaN 03-04-2023_05:52:26
POST /api/contacts/Id5JHAZiO1XYbSjI4dJaN 03-04-2023_05:52:26
OPTIONS /api/contacts/Id5JHAZiO1XYbSjI4dJaN 03-04-2023_05:52:56
PUT /api/contacts/Id5JHAZiO1XYbSjI4dJaN 03-04-2023_05:52:56
OPTIONS /api/contacts/Id5JHAZiO1XYbSjI4dJa 03-04-2023_05:53:16
PUT /api/contacts/Id5JHAZiO1XYbSjI4dJa 03-04-2023_05:53:16
OPTIONS /api/contacts/Id5JHAZiO1XYbSjI4dJa 03-04-2023_05:53:33
POST /api/contacts/Id5JHAZiO1XYbSjI4dJa 03-04-2023_05:53:33
OPTIONS /api/contacts/Id5JHAZiO1XYbSjI4dJa 03-04-2023_05:53:42
PUT /api/contacts/Id5JHAZiO1XYbSjI4dJa 03-04-2023_05:53:42
OPTIONS /api/contacts/Id5JHAZiO1XYbSjI4dJa 03-04-2023_05:53:49
POST /api/contacts/Id5JHAZiO1XYbSjI4dJa 03-04-2023_05:53:49
OPTIONS /api/contacts/ 03-04-2023_05:53:58
POST /api/contacts/ 03-04-2023_05:53:58
OPTIONS /api/contacts/xFLDSVRLIMAqooSJERG8y 03-04-2023_05:54:18
PUT /api/contacts/xFLDSVRLIMAqooSJERG8y 03-04-2023_05:54:18
OPTIONS /api/contacts/xFLDSVRLIMAqooSJERG8y 03-04-2023_05:55:46
PUT /api/contacts/xFLDSVRLIMAqooSJERG8y 03-04-2023_05:55:46
PUT /api/contacts/xFLDSVRLIMAqooSJERG8y 03-04-2023_05:55:48
OPTIONS /api/contacts/xFLDSVRLIMAqooSJERG8y 03-04-2023_05:55:53
PUT /api/contacts/xFLDSVRLIMAqooSJERG8y 03-04-2023_05:55:53
PUT /api/contacts/xFLDSVRLIMAqooSJERG8y 03-04-2023_05:55:57
PUT /api/contacts/xFLDSVRLIMAqooSJERG8y 03-04-2023_05:55:58
OPTIONS /api/contacts/xFLDSVRLIMAqooSJERG8y 03-04-2023_05:56:02
PUT /api/contacts/xFLDSVRLIMAqooSJERG8y 03-04-2023_05:56:02
PUT /api/contacts/xFLDSVRLIMAqooSJERG8y 03-04-2023_05:56:04
OPTIONS /api/contacts/xFLDSVRLIMAqooSJERG8y 03-04-2023_05:56:10
PUT /api/contacts/xFLDSVRLIMAqooSJERG8y 03-04-2023_05:56:10
OPTIONS /api/contacts/xFLDSVRLIMAqooSJERG8y 03-04-2023_05:57:52
PUT /api/contacts/xFLDSVRLIMAqooSJERG8y 03-04-2023_05:57:52
OPTIONS /api/contacts/xFLDSVRLIMAqooSJERG8y 03-04-2023_05:59:40
PUT /api/contacts/xFLDSVRLIMAqooSJERG8y 03-04-2023_05:59:40
OPTIONS /api/contacts/xFLDSVRLIMAqooSJERG8y 03-04-2023_06:00:00
PUT /api/contacts/xFLDSVRLIMAqooSJERG8y 03-04-2023_06:00:00
OPTIONS /api/contacts/xFLDSVRLIMAqooSJERG8y 03-04-2023_06:01:27
PUT /api/contacts/xFLDSVRLIMAqooSJERG8y 03-04-2023_06:01:27
OPTIONS /api/contacts/xFLDSVRLIMAqooSJERG8y 03-04-2023_06:01:40
GET /api/contacts/xFLDSVRLIMAqooSJERG8y 03-04-2023_06:01:40
OPTIONS /api/contacts/xFLDSVRLIMAqooSJERG8y 03-04-2023_06:02:10
PUT /api/contacts/xFLDSVRLIMAqooSJERG8y 03-04-2023_06:02:10
OPTIONS /api/contacts/xFLDSVRLIMAqooSJERG8y 03-04-2023_06:02:16
PUT /api/contacts/xFLDSVRLIMAqooSJERG8y 03-04-2023_06:02:16
OPTIONS /api/contacts/xFLDSVRLIMAqooSJERG8y 03-04-2023_06:11:12
PUT /api/contacts/xFLDSVRLIMAqooSJERG8y 03-04-2023_06:11:12
OPTIONS /api/contacts/xFLDSVRLIMAqooSJERG8y 03-04-2023_06:11:37
PUT /api/contacts/xFLDSVRLIMAqooSJERG8y 03-04-2023_06:11:37
OPTIONS /api/contacts/xFLDSVRLIMAqooSJERG8y 03-04-2023_06:32:13
PUT /api/contacts/xFLDSVRLIMAqooSJERG8y 03-04-2023_06:32:13
OPTIONS /api/contacts/xFLDSVRLIMAqooSJERG8y 03-04-2023_06:32:18
PUT /api/contacts/xFLDSVRLIMAqooSJERG8y 03-04-2023_06:32:18
OPTIONS /api/contacts/ 03-04-2023_06:33:18
GET /api/contacts/ 03-04-2023_06:33:18
OPTIONS /api/contacts/ 03-04-2023_06:34:11
POST /api/contacts/ 03-04-2023_06:34:11
OPTIONS /api/contacts/bV_JFsJ-P4w_3wyML-xV9 03-04-2023_06:34:41
PUT /api/contacts/bV_JFsJ-P4w_3wyML-xV9 03-04-2023_06:34:41
OPTIONS /api/contacts/bV_JFsJ-P4w_3wyML-xV9 03-04-2023_06:34:48
PUT /api/contacts/bV_JFsJ-P4w_3wyML-xV9 03-04-2023_06:34:48
OPTIONS /api/contacts/bV_JFsJ-P4w_3wyML-xV9 03-04-2023_06:36:01
PUT /api/contacts/bV_JFsJ-P4w_3wyML-xV9 03-04-2023_06:36:01
OPTIONS /api/contacts/bV_JFsJ-P4w_3wyML-xV9 03-04-2023_06:36:07
PUT /api/contacts/bV_JFsJ-P4w_3wyML-xV9 03-04-2023_06:36:07